[Sat Feb 16 05:00:46.821973 2019] [ssl:info] [pid 15:tid 140186208740544] AH01883: Init: Initialized OpenSSL library
[Sat Feb 16 05:00:46.852924 2019] [ssl:info] [pid 15:tid 140186208740544] AH01883: Init: Initialized OpenSSL library
[Sat Feb 16 05:00:46.855120 2019] [mpm_event:notice] [pid 15:tid 140186208740544] AH00489: Apache/2.4.25 (Debian) OpenSSL/1.0.2l configured -- resuming normal operations
[Sat Feb 16 05:00:46.855618 2019] [core:notice] [pid 15:tid 140186208740544] AH00094: Command line: '/usr/sbin/apache2 -D FOREGROUND -e info'
[Mon Feb 18 03:14:58.154297 2019] [ssl:info] [pid 15:tid 139673402471616] AH01883: Init: Initialized OpenSSL library
[Mon Feb 18 03:14:58.260958 2019] [ssl:info] [pid 15:tid 139673402471616] AH01883: Init: Initialized OpenSSL library
[Mon Feb 18 03:14:58.263757 2019] [mpm_event:notice] [pid 15:tid 139673402471616] AH00489: Apache/2.4.25 (Debian) OpenSSL/1.0.2l configured -- resuming normal operations
[Mon Feb 18 03:14:58.272350 2019] [core:notice] [pid 15:tid 139673402471616] AH00094: Command line: '/usr/sbin/apache2 -D FOREGROUND -e info'
[Mon Feb 18 03:23:48.478695 2019] [ssl:info] [pid 8:tid 139925861078208] AH01883: Init: Initialized OpenSSL library
[Mon Feb 18 03:23:48.545530 2019] [ssl:info] [pid 8:tid 139925861078208] AH01883: Init: Initialized OpenSSL library
[Mon Feb 18 03:23:48.550236 2019] [core:warn] [pid 8:tid 139925861078208] AH00098: pid file /var/run/apache2/apache2.pid overwritten -- Unclean shutdown of previous Apache run?
[Mon Feb 18 03:23:48.556897 2019] [mpm_event:notice] [pid 8:tid 139925861078208] AH00489: Apache/2.4.25 (Debian) OpenSSL/1.0.2l configured -- resuming normal operations
[Mon Feb 18 03:23:48.558722 2019] [core:notice] [pid 8:tid 139925861078208] AH00094: Command line: '/usr/sbin/apache2 -D FOREGROUND -e info'
[Mon Feb 18 05:11:55.418259 2019] [ssl:info] [pid 15:tid 139974138188992] AH01883: Init: Initialized OpenSSL library
[Mon Feb 18 05:11:55.539053 2019] [ssl:info] [pid 15:tid 139974138188992] AH01883: Init: Initialized OpenSSL library
[Mon Feb 18 05:11:55.543567 2019] [mpm_event:notice] [pid 15:tid 139974138188992] AH00489: Apache/2.4.25 (Debian) OpenSSL/1.0.2l configured -- resuming normal operations
[Mon Feb 18 05:11:55.544885 2019] [core:notice] [pid 15:tid 139974138188992] AH00094: Command line: '/usr/sbin/apache2 -D FOREGROUND -e info'
[Tue Feb 19 23:44:01.589505 2019] [ssl:info] [pid 9:tid 140111032865984] AH01883: Init: Initialized OpenSSL library
[Tue Feb 19 23:44:01.643614 2019] [ssl:info] [pid 9:tid 140111032865984] AH01883: Init: Initialized OpenSSL library
[Tue Feb 19 23:44:01.644984 2019] [core:warn] [pid 9:tid 140111032865984] AH00098: pid file /var/run/apache2/apache2.pid overwritten -- Unclean shutdown of previous Apache run?
[Tue Feb 19 23:44:01.648019 2019] [mpm_event:notice] [pid 9:tid 140111032865984] AH00489: Apache/2.4.25 (Debian) OpenSSL/1.0.2l configured -- resuming normal operations
[Tue Feb 19 23:44:01.659006 2019] [core:notice] [pid 9:tid 140111032865984] AH00094: Command line: '/usr/sbin/apache2 -D FOREGROUND -e info'
[Wed Feb 20 00:15:32.682872 2019] [ssl:info] [pid 16:tid 140272475329728] AH01883: Init: Initialized OpenSSL library
[Wed Feb 20 00:15:32.725604 2019] [ssl:info] [pid 16:tid 140272475329728] AH01883: Init: Initialized OpenSSL library
[Wed Feb 20 00:15:32.727303 2019] [mpm_event:notice] [pid 16:tid 140272475329728] AH00489: Apache/2.4.25 (Debian) OpenSSL/1.0.2l configured -- resuming normal operations
[Wed Feb 20 00:15:32.730285 2019] [core:notice] [pid 16:tid 140272475329728] AH00094: Command line: '/usr/sbin/apache2 -D FOREGROUND -e info'
[Fri Feb 22 16:09:38.676925 2019] [ssl:info] [pid 16:tid 140431951484096] AH01883: Init: Initialized OpenSSL library
[Fri Feb 22 16:09:38.731020 2019] [ssl:info] [pid 16:tid 140431951484096] AH01883: Init: Initialized OpenSSL library
[Fri Feb 22 16:09:38.734204 2019] [mpm_event:notice] [pid 16:tid 140431951484096] AH00489: Apache/2.4.25 (Debian) OpenSSL/1.0.2l configured -- resuming normal operations
[Fri Feb 22 16:09:38.734757 2019] [core:notice] [pid 16:tid 140431951484096] AH00094: Command line: '/usr/sbin/apache2 -D FOREGROUND -e info'
[Fri Feb 22 16:11:49.982216 2019] [ssl:info] [pid 16:tid 140452151211200] AH01883: Init: Initialized OpenSSL library
[Fri Feb 22 16:11:50.031902 2019] [ssl:info] [pid 16:tid 140452151211200] AH01883: Init: Initialized OpenSSL library
[Fri Feb 22 16:11:50.034463 2019] [mpm_event:notice] [pid 16:tid 140452151211200] AH00489: Apache/2.4.25 (Debian) OpenSSL/1.0.2l configured -- resuming normal operations
[Fri Feb 22 16:11:50.035602 2019] [core:notice] [pid 16:tid 140452151211200] AH00094: Command line: '/usr/sbin/apache2 -D FOREGROUND -e info'
[Fri Feb 22 16:45:55.331208 2019] [ssl:info] [pid 16:tid 139905918678208] AH01883: Init: Initialized OpenSSL library
[Fri Feb 22 16:45:55.364578 2019] [ssl:info] [pid 16:tid 139905918678208] AH01883: Init: Initialized OpenSSL library
[Fri Feb 22 16:45:55.366642 2019] [mpm_event:notice] [pid 16:tid 139905918678208] AH00489: Apache/2.4.25 (Debian) OpenSSL/1.0.2l configured -- resuming normal operations
[Fri Feb 22 16:45:55.367711 2019] [core:notice] [pid 16:tid 139905918678208] AH00094: Command line: '/usr/sbin/apache2 -D FOREGROUND -e info'
[Fri Feb 22 16:52:15.982784 2019] [ssl:info] [pid 16:tid 140366511625408] AH01883: Init: Initialized OpenSSL library
[Fri Feb 22 16:52:16.010760 2019] [ssl:info] [pid 16:tid 140366511625408] AH01883: Init: Initialized OpenSSL library
[Fri Feb 22 16:52:16.012585 2019] [mpm_event:notice] [pid 16:tid 140366511625408] AH00489: Apache/2.4.25 (Debian) OpenSSL/1.0.2l configured -- resuming normal operations
[Fri Feb 22 16:52:16.013265 2019] [core:notice] [pid 16:tid 140366511625408] AH00094: Command line: '/usr/sbin/apache2 -D FOREGROUND -e info'
[Tue Feb 26 02:42:38.529281 2019] [ssl:info] [pid 16:tid 140430413501632] AH01883: Init: Initialized OpenSSL library
[Tue Feb 26 02:42:38.592765 2019] [ssl:info] [pid 16:tid 140430413501632] AH01883: Init: Initialized OpenSSL library
[Tue Feb 26 02:42:38.600364 2019] [mpm_event:notice] [pid 16:tid 140430413501632] AH00489: Apache/2.4.25 (Debian) OpenSSL/1.0.2l configured -- resuming normal operations
[Tue Feb 26 02:42:38.610250 2019] [core:notice] [pid 16:tid 140430413501632] AH00094: Command line: '/usr/sbin/apache2 -D FOREGROUND -e info'
[Tue Feb 26 03:32:54.188899 2019] [ssl:info] [pid 9:tid 140701154800832] AH01883: Init: Initialized OpenSSL library
[Tue Feb 26 03:32:54.220863 2019] [ssl:info] [pid 9:tid 140701154800832] AH01883: Init: Initialized OpenSSL library
[Tue Feb 26 03:32:54.221677 2019] [core:warn] [pid 9:tid 140701154800832] AH00098: pid file /var/run/apache2/apache2.pid overwritten -- Unclean shutdown of previous Apache run?
[Tue Feb 26 03:32:54.223356 2019] [mpm_event:notice] [pid 9:tid 140701154800832] AH00489: Apache/2.4.25 (Debian) OpenSSL/1.0.2l configured -- resuming normal operations
[Tue Feb 26 03:32:54.227273 2019] [core:notice] [pid 9:tid 140701154800832] AH00094: Command line: '/usr/sbin/apache2 -D FOREGROUND -e info'
[Tue Feb 26 03:33:11.319158 2019] [proxy_fcgi:error] [pid 10:tid 140701025535744] [client 172.20.0.1:45600] AH01071: Got error 'PHP message: PHP Fatal error:  Uncaught Symfony\\Component\\Debug\\Exception\\FatalThrowableError: Too few arguments to function App\\Service\\HoroscopoService::__construct(), 0 passed in /home/wwwroot/babi/var/cache/prod/ContainerPTF46x9/getHoroscopoControllerService.php on line 14 and exactly 1 expected in /home/wwwroot/babi/src/Service/HoroscopoService.php:25\nStack trace:\n#0 /home/wwwroot/babi/var/cache/prod/ContainerPTF46x9/getHoroscopoControllerService.php(14): App\\Service\\HoroscopoService->__construct()\n#1 /home/wwwroot/babi/var/cache/prod/ContainerPTF46x9/srcApp_KernelProdContainer.php(151): require('/home/wwwroot/b...')\n#2 /home/wwwroot/babi/vendor/symfony/dependency-injection/Container.php(243): ContainerPTF46x9\\srcApp_KernelProdContainer->load('getHoroscopoCon...')\n#3 /home/wwwroot/babi/vendor/symfony/dependency-injection/Container.php(225): Symfony\\Component\\DependencyInjection\\Container->make('App\\\\Controller\\\\...', 1)\n#4 /home/wwwroot/babi/vendor/symfony/http-kernel/Controller/ContainerControllerRe...\n'
[Tue Feb 26 03:34:03.336396 2019] [proxy_fcgi:error] [pid 11:tid 140701042321152] [client 172.20.0.1:45604] AH01071: Got error 'PHP message: PHP Fatal error:  Uncaught Symfony\\Component\\Debug\\Exception\\FatalThrowableError: Too few arguments to function App\\Service\\HoroscopoService::__construct(), 0 passed in /home/wwwroot/babi/var/cache/prod/ContainerPTF46x9/getHoroscopoControllerService.php on line 14 and exactly 1 expected in /home/wwwroot/babi/src/Service/HoroscopoService.php:26\nStack trace:\n#0 /home/wwwroot/babi/var/cache/prod/ContainerPTF46x9/getHoroscopoControllerService.php(14): App\\Service\\HoroscopoService->__construct()\n#1 /home/wwwroot/babi/var/cache/prod/ContainerPTF46x9/srcApp_KernelProdContainer.php(151): require('/home/wwwroot/b...')\n#2 /home/wwwroot/babi/vendor/symfony/dependency-injection/Container.php(243): ContainerPTF46x9\\srcApp_KernelProdContainer->load('getHoroscopoCon...')\n#3 /home/wwwroot/babi/vendor/symfony/dependency-injection/Container.php(225): Symfony\\Component\\DependencyInjection\\Container->make('App\\\\Controller\\\\...', 1)\n#4 /home/wwwroot/babi/vendor/symfony/http-kernel/Controller/ContainerControllerRe...\n'
[Tue Feb 26 03:37:26.235281 2019] [proxy_fcgi:error] [pid 11:tid 140701008750336] [client 172.20.0.1:45608] AH01071: Got error 'PHP message: PHP Fatal error:  Uncaught Symfony\\Component\\Debug\\Exception\\FatalThrowableError: Too few arguments to function App\\Service\\HoroscopoService::__construct(), 0 passed in /home/wwwroot/babi/var/cache/prod/ContainerPTF46x9/getHoroscopoControllerService.php on line 14 and exactly 1 expected in /home/wwwroot/babi/src/Service/HoroscopoService.php:30\nStack trace:\n#0 /home/wwwroot/babi/var/cache/prod/ContainerPTF46x9/getHoroscopoControllerService.php(14): App\\Service\\HoroscopoService->__construct()\n#1 /home/wwwroot/babi/var/cache/prod/ContainerPTF46x9/srcApp_KernelProdContainer.php(151): require('/home/wwwroot/b...')\n#2 /home/wwwroot/babi/vendor/symfony/dependency-injection/Container.php(243): ContainerPTF46x9\\srcApp_KernelProdContainer->load('getHoroscopoCon...')\n#3 /home/wwwroot/babi/vendor/symfony/dependency-injection/Container.php(225): Symfony\\Component\\DependencyInjection\\Container->make('App\\\\Controller\\\\...', 1)\n#4 /home/wwwroot/babi/vendor/symfony/http-kernel/Controller/ContainerControllerRe...\n'
[Tue Feb 26 03:38:29.573776 2019] [proxy_fcgi:error] [pid 10:tid 140700880451328] [client 172.20.0.1:45618] AH01071: Got error 'PHP message: PHP Fatal error:  Uncaught Symfony\\Component\\Debug\\Exception\\FatalThrowableError: Too few arguments to function App\\Service\\HoroscopoService::__construct(), 0 passed in /home/wwwroot/babi/var/cache/prod/ContainerPTF46x9/getHoroscopoControllerService.php on line 14 and exactly 1 expected in /home/wwwroot/babi/src/Service/HoroscopoService.php:30\nStack trace:\n#0 /home/wwwroot/babi/var/cache/prod/ContainerPTF46x9/getHoroscopoControllerService.php(14): App\\Service\\HoroscopoService->__construct()\n#1 /home/wwwroot/babi/var/cache/prod/ContainerPTF46x9/srcApp_KernelProdContainer.php(151): require('/home/wwwroot/b...')\n#2 /home/wwwroot/babi/vendor/symfony/dependency-injection/Container.php(243): ContainerPTF46x9\\srcApp_KernelProdContainer->load('getHoroscopoCon...')\n#3 /home/wwwroot/babi/vendor/symfony/dependency-injection/Container.php(225): Symfony\\Component\\DependencyInjection\\Container->make('App\\\\Controller\\\\...', 1)\n#4 /home/wwwroot/babi/vendor/symfony/http-kernel/Controller/ContainerControllerRe...\n'
